[debug] [2020-06-19T11:01:26.236Z] ----------------------------------------------------------------------
[debug] [2020-06-19T11:01:26.238Z] Command:       /Users/tkobashi/.nvm/versions/node/v12.16.2/bin/node /Users/tkobashi/.nvm/versions/node/v12.16.2/bin/firebase emulators:start --only functions
[debug] [2020-06-19T11:01:26.238Z] CLI Version:   8.2.0
[debug] [2020-06-19T11:01:26.238Z] Platform:      darwin
[debug] [2020-06-19T11:01:26.238Z] Node Version:  v12.16.2
[debug] [2020-06-19T11:01:26.240Z] Time:          Fri Jun 19 2020 20:01:26 GMT+0900 (GMT+09:00)
[debug] [2020-06-19T11:01:26.240Z] ----------------------------------------------------------------------
[debug] [2020-06-19T11:01:26.240Z] 
[debug] [2020-06-19T11:01:26.249Z] > command requires scopes: ["email","openid","https://www.googleapis.com/auth/cloudplatformprojects.readonly","https://www.googleapis.com/auth/firebase","https://www.googleapis.com/auth/cloud-platform"]
[debug] [2020-06-19T11:01:26.249Z] > authorizing via signed-in user
[info] i  emulators: Starting emulators: functions
[warn] ⚠  emulators: It seems that you are running multiple instances of the emulator suite for project skill-board-bbe02. This may result in unexpected behavior.
[debug] [2020-06-19T11:01:26.339Z] [hub] writing locator at /var/folders/qg/9q5mlw6d1ml94l95yybhxj680000gn/T/hub-skill-board-bbe02.json
[info] ✔  hub: emulator hub started at http://localhost:4400
[warn] ⚠  Your requested "node" version "10" doesn't match your global version "12"
[info] ✔  functions: functions emulator started at http://localhost:5001
[info] i  functions: Watching "/Users/tkobashi/develop/skill-board/functions" for Cloud Functions...
[debug] [2020-06-19T11:01:26.445Z] [worker-pool] addWorker(~diagnostic~) 
[debug] [2020-06-19T11:01:26.445Z] [worker-pool] Adding worker with key ~diagnostic~, total=1 
[debug] [2020-06-19T11:01:26.446Z] [worker-pool] submitWork(triggerId=) 
[debug] [2020-06-19T11:01:26.446Z] [worker-~diagnostic~-7e9cdd0a-40a9-44d4-aadc-0619352c35f0]: Assigning socketPath: /var/folders/qg/9q5mlw6d1ml94l95yybhxj680000gn/T/fire_emu_82726.sock 
[debug] [2020-06-19T11:01:26.446Z] [worker-~diagnostic~-7e9cdd0a-40a9-44d4-aadc-0619352c35f0]: BUSY 
[debug] [2020-06-19T11:01:26.892Z] [runtime-status] [82726] Functions runtime initialized. {"cwd":"/Users/tkobashi/develop/skill-board/functions","node_version":"12.16.2"} 
[debug] [2020-06-19T11:01:26.899Z] [runtime-status] [82726] Disabled runtime features: undefined 
[debug] [2020-06-19T11:01:26.901Z] [runtime-status] [82726] Resolved module firebase-admin {"declared":true,"installed":true,"version":"8.12.1","resolution":"/Users/tkobashi/develop/skill-board/functions/node_modules/firebase-admin/lib/index.js"} 
[debug] [2020-06-19T11:01:26.906Z] [runtime-status] [82726] Resolved module firebase-functions {"declared":true,"installed":true,"version":"3.6.2","resolution":"/Users/tkobashi/develop/skill-board/functions/node_modules/firebase-functions/lib/index.js"} 
[debug] [2020-06-19T11:01:26.909Z] [runtime-status] [82726] Outgoing network have been stubbed. [{"name":"http","status":"mocked"},{"name":"http","status":"mocked"},{"name":"https","status":"mocked"},{"name":"https","status":"mocked"},{"name":"net","status":"mocked"}] 
[debug] [2020-06-19T11:01:26.961Z] [runtime-status] [82726] Checked functions.config() {"config":{}} 
[debug] [2020-06-19T11:01:26.962Z] [runtime-status] [82726] Error in handleMessage: {"frb":{"cwd":"/Users/tkobashi/develop/skill-board/functions","projectId":"skill-board-bbe02","triggerId":"","emulators":{},"socketPath":"/var/folders/qg/9q5mlw6d1ml94l95yybhxj680000gn/T/fire_emu_82726.sock"},"opts":{"nodeBinary":"/Users/tkobashi/.nvm/versions/node/v12.16.2/bin/node"}} => TypeError: Cannot set property config of #<Object> which has only a getter: TypeError: Cannot set property config of #<Object> which has only a getter
    at /Users/tkobashi/.nvm/versions/node/v12.16.2/lib/node_modules/firebase-tools/lib/emulator/functionsEmulatorRuntime.js:455:19
    at Generator.next (<anonymous>)
    at fulfilled (/Users/tkobashi/.nvm/versions/node/v12.16.2/lib/node_modules/firebase-tools/lib/emulator/functionsEmulatorRuntime.js:5:58)
    at processTicksAndRejections (internal/process/task_queues.js:97:5) 
[warn] ⚠  functions: Cannot set property config of #<Object> which has only a getter
[warn] ⚠  Your function was killed because it raised an unhandled error.
[debug] [2020-06-19T11:01:26.971Z] [worker-~diagnostic~-7e9cdd0a-40a9-44d4-aadc-0619352c35f0]: exited 
[debug] [2020-06-19T11:01:26.971Z] [worker-~diagnostic~-7e9cdd0a-40a9-44d4-aadc-0619352c35f0]: FINISHED 
[debug] [2020-06-19T11:05:41.755Z] File /Users/tkobashi/develop/skill-board/functions/src/puppeteer-client.ts changed, reloading triggers 
[debug] [2020-06-19T11:05:42.758Z] [worker-pool] Cleaned up workers for ~diagnostic~: 1 --> 0 
[debug] [2020-06-19T11:05:42.768Z] [worker-pool] addWorker(~diagnostic~) 
[debug] [2020-06-19T11:05:42.769Z] [worker-pool] Adding worker with key ~diagnostic~, total=1 
[debug] [2020-06-19T11:05:42.769Z] [worker-pool] submitWork(triggerId=) 
[debug] [2020-06-19T11:05:42.769Z] [worker-~diagnostic~-dbffd8d7-ec5e-4295-bb05-3e09471656d8]: Assigning socketPath: /var/folders/qg/9q5mlw6d1ml94l95yybhxj680000gn/T/fire_emu_82805.sock 
[debug] [2020-06-19T11:05:42.769Z] [worker-~diagnostic~-dbffd8d7-ec5e-4295-bb05-3e09471656d8]: BUSY 
[debug] [2020-06-19T11:05:43.241Z] [runtime-status] [82805] Functions runtime initialized. {"cwd":"/Users/tkobashi/develop/skill-board/functions","node_version":"12.16.2"} 
[debug] [2020-06-19T11:05:43.245Z] [runtime-status] [82805] Disabled runtime features: undefined 
[debug] [2020-06-19T11:05:43.250Z] [runtime-status] [82805] Resolved module firebase-admin {"declared":true,"installed":true,"version":"8.12.1","resolution":"/Users/tkobashi/develop/skill-board/functions/node_modules/firebase-admin/lib/index.js"} 
[debug] [2020-06-19T11:05:43.251Z] [runtime-status] [82805] Resolved module firebase-functions {"declared":true,"installed":true,"version":"3.6.2","resolution":"/Users/tkobashi/develop/skill-board/functions/node_modules/firebase-functions/lib/index.js"} 
[debug] [2020-06-19T11:05:43.253Z] [runtime-status] [82805] Outgoing network have been stubbed. [{"name":"http","status":"mocked"},{"name":"http","status":"mocked"},{"name":"https","status":"mocked"},{"name":"https","status":"mocked"},{"name":"net","status":"mocked"}] 
[debug] [2020-06-19T11:05:43.319Z] [runtime-status] [82805] Checked functions.config() {"config":{}} 
[debug] [2020-06-19T11:05:43.320Z] [runtime-status] [82805] Error in handleMessage: {"frb":{"cwd":"/Users/tkobashi/develop/skill-board/functions","projectId":"skill-board-bbe02","triggerId":"","emulators":{},"socketPath":"/var/folders/qg/9q5mlw6d1ml94l95yybhxj680000gn/T/fire_emu_82805.sock"},"opts":{"nodeBinary":"/Users/tkobashi/.nvm/versions/node/v12.16.2/bin/node"}} => TypeError: Cannot set property config of #<Object> which has only a getter: TypeError: Cannot set property config of #<Object> which has only a getter
    at /Users/tkobashi/.nvm/versions/node/v12.16.2/lib/node_modules/firebase-tools/lib/emulator/functionsEmulatorRuntime.js:455:19
    at Generator.next (<anonymous>)
    at fulfilled (/Users/tkobashi/.nvm/versions/node/v12.16.2/lib/node_modules/firebase-tools/lib/emulator/functionsEmulatorRuntime.js:5:58)
    at processTicksAndRejections (internal/process/task_queues.js:97:5) 
[warn] ⚠  functions: Cannot set property config of #<Object> which has only a getter
[warn] ⚠  Your function was killed because it raised an unhandled error.
[debug] [2020-06-19T11:05:43.327Z] [worker-~diagnostic~-dbffd8d7-ec5e-4295-bb05-3e09471656d8]: exited 
[debug] [2020-06-19T11:05:43.327Z] [worker-~diagnostic~-dbffd8d7-ec5e-4295-bb05-3e09471656d8]: FINISHED 
[debug] [2020-06-19T11:06:15.161Z] File /Users/tkobashi/develop/skill-board/functions/lib/algolia-client.js.map changed, reloading triggers 
[debug] [2020-06-19T11:06:15.162Z] File /Users/tkobashi/develop/skill-board/functions/lib/algolia-client.js changed, reloading triggers 
[debug] [2020-06-19T11:06:15.162Z] File /Users/tkobashi/develop/skill-board/functions/lib/skill.function.js.map changed, reloading triggers 
[debug] [2020-06-19T11:06:15.162Z] File /Users/tkobashi/develop/skill-board/functions/lib/skill.function.js changed, reloading triggers 
[debug] [2020-06-19T11:06:15.162Z] File /Users/tkobashi/develop/skill-board/functions/lib/puppeteer-client.js.map changed, reloading triggers 
[debug] [2020-06-19T11:06:15.162Z] File /Users/tkobashi/develop/skill-board/functions/lib/puppeteer-client.js changed, reloading triggers 
[debug] [2020-06-19T11:06:15.162Z] File /Users/tkobashi/develop/skill-board/functions/lib/index.js.map changed, reloading triggers 
[debug] [2020-06-19T11:06:15.163Z] File /Users/tkobashi/develop/skill-board/functions/lib/index.js changed, reloading triggers 
[debug] [2020-06-19T11:06:16.167Z] [worker-pool] Cleaned up workers for ~diagnostic~: 1 --> 0 
[debug] [2020-06-19T11:06:16.173Z] [worker-pool] addWorker(~diagnostic~) 
[debug] [2020-06-19T11:06:16.173Z] [worker-pool] Adding worker with key ~diagnostic~, total=1 
[debug] [2020-06-19T11:06:16.173Z] [worker-pool] submitWork(triggerId=) 
[debug] [2020-06-19T11:06:16.173Z] [worker-~diagnostic~-75940519-2b77-496c-acb0-8132c2e5e7b8]: Assigning socketPath: /var/folders/qg/9q5mlw6d1ml94l95yybhxj680000gn/T/fire_emu_82837.sock 
[debug] [2020-06-19T11:06:16.173Z] [worker-~diagnostic~-75940519-2b77-496c-acb0-8132c2e5e7b8]: BUSY 
[debug] [2020-06-19T11:06:16.551Z] [runtime-status] [82837] Functions runtime initialized. {"cwd":"/Users/tkobashi/develop/skill-board/functions","node_version":"12.16.2"} 
[debug] [2020-06-19T11:06:16.555Z] [runtime-status] [82837] Disabled runtime features: undefined 
[debug] [2020-06-19T11:06:16.557Z] [runtime-status] [82837] Resolved module firebase-admin {"declared":true,"installed":true,"version":"8.12.1","resolution":"/Users/tkobashi/develop/skill-board/functions/node_modules/firebase-admin/lib/index.js"} 
[debug] [2020-06-19T11:06:16.569Z] [runtime-status] [82837] Resolved module firebase-functions {"declared":true,"installed":true,"version":"3.6.2","resolution":"/Users/tkobashi/develop/skill-board/functions/node_modules/firebase-functions/lib/index.js"} 
[debug] [2020-06-19T11:06:16.604Z] [runtime-status] [82837] Outgoing network have been stubbed. [{"name":"http","status":"mocked"},{"name":"http","status":"mocked"},{"name":"https","status":"mocked"},{"name":"https","status":"mocked"},{"name":"net","status":"mocked"}] 
[debug] [2020-06-19T11:06:16.646Z] [runtime-status] [82837] Checked functions.config() {"config":{}} 
[debug] [2020-06-19T11:06:16.647Z] [runtime-status] [82837] Error in handleMessage: {"frb":{"cwd":"/Users/tkobashi/develop/skill-board/functions","projectId":"skill-board-bbe02","triggerId":"","emulators":{},"socketPath":"/var/folders/qg/9q5mlw6d1ml94l95yybhxj680000gn/T/fire_emu_82837.sock"},"opts":{"nodeBinary":"/Users/tkobashi/.nvm/versions/node/v12.16.2/bin/node"}} => TypeError: Cannot set property config of #<Object> which has only a getter: TypeError: Cannot set property config of #<Object> which has only a getter
    at /Users/tkobashi/.nvm/versions/node/v12.16.2/lib/node_modules/firebase-tools/lib/emulator/functionsEmulatorRuntime.js:455:19
    at Generator.next (<anonymous>)
    at fulfilled (/Users/tkobashi/.nvm/versions/node/v12.16.2/lib/node_modules/firebase-tools/lib/emulator/functionsEmulatorRuntime.js:5:58)
    at processTicksAndRejections (internal/process/task_queues.js:97:5) 
[warn] ⚠  functions: Cannot set property config of #<Object> which has only a getter
[warn] ⚠  Your function was killed because it raised an unhandled error.
[debug] [2020-06-19T11:06:16.664Z] [worker-~diagnostic~-75940519-2b77-496c-acb0-8132c2e5e7b8]: exited 
[debug] [2020-06-19T11:06:16.664Z] [worker-~diagnostic~-75940519-2b77-496c-acb0-8132c2e5e7b8]: FINISHED 
[debug] [2020-06-19T11:18:38.371Z] File /Users/tkobashi/develop/skill-board/functions/src/puppeteer-client.ts changed, reloading triggers 
[debug] [2020-06-19T11:18:39.372Z] [worker-pool] Cleaned up workers for ~diagnostic~: 1 --> 0 
[debug] [2020-06-19T11:18:39.376Z] [worker-pool] addWorker(~diagnostic~) 
[debug] [2020-06-19T11:18:39.376Z] [worker-pool] Adding worker with key ~diagnostic~, total=1 
[debug] [2020-06-19T11:18:39.377Z] [worker-pool] submitWork(triggerId=) 
[debug] [2020-06-19T11:18:39.377Z] [worker-~diagnostic~-975cdbd5-2a92-4f93-96c0-0563b45d7b7b]: Assigning socketPath: /var/folders/qg/9q5mlw6d1ml94l95yybhxj680000gn/T/fire_emu_82952.sock 
[debug] [2020-06-19T11:18:39.377Z] [worker-~diagnostic~-975cdbd5-2a92-4f93-96c0-0563b45d7b7b]: BUSY 
[debug] [2020-06-19T11:18:40.059Z] [runtime-status] [82952] Functions runtime initialized. {"cwd":"/Users/tkobashi/develop/skill-board/functions","node_version":"12.16.2"} 
[debug] [2020-06-19T11:18:40.063Z] [runtime-status] [82952] Disabled runtime features: undefined 
[debug] [2020-06-19T11:18:40.066Z] [runtime-status] [82952] Resolved module firebase-admin {"declared":true,"installed":true,"version":"8.12.1","resolution":"/Users/tkobashi/develop/skill-board/functions/node_modules/firebase-admin/lib/index.js"} 
[debug] [2020-06-19T11:18:40.072Z] [runtime-status] [82952] Resolved module firebase-functions {"declared":true,"installed":true,"version":"3.6.2","resolution":"/Users/tkobashi/develop/skill-board/functions/node_modules/firebase-functions/lib/index.js"} 
[debug] [2020-06-19T11:18:40.075Z] [runtime-status] [82952] Outgoing network have been stubbed. [{"name":"http","status":"mocked"},{"name":"http","status":"mocked"},{"name":"https","status":"mocked"},{"name":"https","status":"mocked"},{"name":"net","status":"mocked"}] 
[debug] [2020-06-19T11:18:40.121Z] [runtime-status] [82952] Checked functions.config() {"config":{}} 
[debug] [2020-06-19T11:18:40.126Z] [runtime-status] [82952] Error in handleMessage: {"frb":{"cwd":"/Users/tkobashi/develop/skill-board/functions","projectId":"skill-board-bbe02","triggerId":"","emulators":{},"socketPath":"/var/folders/qg/9q5mlw6d1ml94l95yybhxj680000gn/T/fire_emu_82952.sock"},"opts":{"nodeBinary":"/Users/tkobashi/.nvm/versions/node/v12.16.2/bin/node"}} => TypeError: Cannot set property config of #<Object> which has only a getter: TypeError: Cannot set property config of #<Object> which has only a getter
    at /Users/tkobashi/.nvm/versions/node/v12.16.2/lib/node_modules/firebase-tools/lib/emulator/functionsEmulatorRuntime.js:455:19
    at Generator.next (<anonymous>)
    at fulfilled (/Users/tkobashi/.nvm/versions/node/v12.16.2/lib/node_modules/firebase-tools/lib/emulator/functionsEmulatorRuntime.js:5:58)
    at processTicksAndRejections (internal/process/task_queues.js:97:5) 
[warn] ⚠  functions: Cannot set property config of #<Object> which has only a getter
[warn] ⚠  Your function was killed because it raised an unhandled error.
[debug] [2020-06-19T11:18:40.154Z] [worker-~diagnostic~-975cdbd5-2a92-4f93-96c0-0563b45d7b7b]: exited 
[debug] [2020-06-19T11:18:40.154Z] [worker-~diagnostic~-975cdbd5-2a92-4f93-96c0-0563b45d7b7b]: FINISHED 
[debug] [2020-06-19T11:19:12.331Z] File /Users/tkobashi/develop/skill-board/functions/lib/algolia-client.js.map changed, reloading triggers 
[debug] [2020-06-19T11:19:12.331Z] File /Users/tkobashi/develop/skill-board/functions/lib/algolia-client.js changed, reloading triggers 
[debug] [2020-06-19T11:19:12.331Z] File /Users/tkobashi/develop/skill-board/functions/lib/skill.function.js.map changed, reloading triggers 
[debug] [2020-06-19T11:19:12.331Z] File /Users/tkobashi/develop/skill-board/functions/lib/skill.function.js changed, reloading triggers 
[debug] [2020-06-19T11:19:12.332Z] File /Users/tkobashi/develop/skill-board/functions/lib/puppeteer-client.js.map changed, reloading triggers 
[debug] [2020-06-19T11:19:12.332Z] File /Users/tkobashi/develop/skill-board/functions/lib/puppeteer-client.js changed, reloading triggers 
[debug] [2020-06-19T11:19:12.332Z] File /Users/tkobashi/develop/skill-board/functions/lib/index.js.map changed, reloading triggers 
[debug] [2020-06-19T11:19:12.332Z] File /Users/tkobashi/develop/skill-board/functions/lib/index.js changed, reloading triggers 
[debug] [2020-06-19T11:19:13.333Z] [worker-pool] Cleaned up workers for ~diagnostic~: 1 --> 0 
[debug] [2020-06-19T11:19:13.337Z] [worker-pool] addWorker(~diagnostic~) 
[debug] [2020-06-19T11:19:13.338Z] [worker-pool] Adding worker with key ~diagnostic~, total=1 
[debug] [2020-06-19T11:19:13.338Z] [worker-pool] submitWork(triggerId=) 
[debug] [2020-06-19T11:19:13.338Z] [worker-~diagnostic~-b9b0a1fb-d369-4650-882e-799182ab9f11]: Assigning socketPath: /var/folders/qg/9q5mlw6d1ml94l95yybhxj680000gn/T/fire_emu_82983.sock 
[debug] [2020-06-19T11:19:13.338Z] [worker-~diagnostic~-b9b0a1fb-d369-4650-882e-799182ab9f11]: BUSY 
[debug] [2020-06-19T11:19:13.848Z] [runtime-status] [82983] Functions runtime initialized. {"cwd":"/Users/tkobashi/develop/skill-board/functions","node_version":"12.16.2"} 
[debug] [2020-06-19T11:19:13.850Z] [runtime-status] [82983] Disabled runtime features: undefined 
[debug] [2020-06-19T11:19:13.865Z] [runtime-status] [82983] Resolved module firebase-admin {"declared":true,"installed":true,"version":"8.12.1","resolution":"/Users/tkobashi/develop/skill-board/functions/node_modules/firebase-admin/lib/index.js"} 
[debug] [2020-06-19T11:19:13.865Z] [runtime-status] [82983] Resolved module firebase-functions {"declared":true,"installed":true,"version":"3.6.2","resolution":"/Users/tkobashi/develop/skill-board/functions/node_modules/firebase-functions/lib/index.js"} 
[debug] [2020-06-19T11:19:13.869Z] [runtime-status] [82983] Outgoing network have been stubbed. [{"name":"http","status":"mocked"},{"name":"http","status":"mocked"},{"name":"https","status":"mocked"},{"name":"https","status":"mocked"},{"name":"net","status":"mocked"}] 
[debug] [2020-06-19T11:19:13.906Z] [runtime-status] [82983] Checked functions.config() {"config":{}} 
[debug] [2020-06-19T11:19:13.906Z] [runtime-status] [82983] Error in handleMessage: {"frb":{"cwd":"/Users/tkobashi/develop/skill-board/functions","projectId":"skill-board-bbe02","triggerId":"","emulators":{},"socketPath":"/var/folders/qg/9q5mlw6d1ml94l95yybhxj680000gn/T/fire_emu_82983.sock"},"opts":{"nodeBinary":"/Users/tkobashi/.nvm/versions/node/v12.16.2/bin/node"}} => TypeError: Cannot set property config of #<Object> which has only a getter: TypeError: Cannot set property config of #<Object> which has only a getter
    at /Users/tkobashi/.nvm/versions/node/v12.16.2/lib/node_modules/firebase-tools/lib/emulator/functionsEmulatorRuntime.js:455:19
    at Generator.next (<anonymous>)
    at fulfilled (/Users/tkobashi/.nvm/versions/node/v12.16.2/lib/node_modules/firebase-tools/lib/emulator/functionsEmulatorRuntime.js:5:58)
    at processTicksAndRejections (internal/process/task_queues.js:97:5) 
[warn] ⚠  functions: Cannot set property config of #<Object> which has only a getter
[warn] ⚠  Your function was killed because it raised an unhandled error.
[debug] [2020-06-19T11:19:13.929Z] [worker-~diagnostic~-b9b0a1fb-d369-4650-882e-799182ab9f11]: exited 
[debug] [2020-06-19T11:19:13.929Z] [worker-~diagnostic~-b9b0a1fb-d369-4650-882e-799182ab9f11]: FINISHED 
[debug] [2020-06-19T11:23:45.548Z] File /Users/tkobashi/develop/skill-board/functions/src/puppeteer-client.ts changed, reloading triggers 
[debug] [2020-06-19T11:23:46.549Z] [worker-pool] Cleaned up workers for ~diagnostic~: 1 --> 0 
[debug] [2020-06-19T11:23:46.555Z] [worker-pool] addWorker(~diagnostic~) 
[debug] [2020-06-19T11:23:46.556Z] [worker-pool] Adding worker with key ~diagnostic~, total=1 
[debug] [2020-06-19T11:23:46.556Z] [worker-pool] submitWork(triggerId=) 
[debug] [2020-06-19T11:23:46.557Z] [worker-~diagnostic~-66475f92-b0e3-40bb-b24a-0015decbbf40]: Assigning socketPath: /var/folders/qg/9q5mlw6d1ml94l95yybhxj680000gn/T/fire_emu_83065.sock 
[debug] [2020-06-19T11:23:46.557Z] [worker-~diagnostic~-66475f92-b0e3-40bb-b24a-0015decbbf40]: BUSY 
[debug] [2020-06-19T11:23:46.911Z] [runtime-status] [83065] Functions runtime initialized. {"cwd":"/Users/tkobashi/develop/skill-board/functions","node_version":"12.16.2"} 
[debug] [2020-06-19T11:23:46.913Z] [runtime-status] [83065] Disabled runtime features: undefined 
[debug] [2020-06-19T11:23:46.915Z] [runtime-status] [83065] Resolved module firebase-admin {"declared":true,"installed":true,"version":"8.12.1","resolution":"/Users/tkobashi/develop/skill-board/functions/node_modules/firebase-admin/lib/index.js"} 
[debug] [2020-06-19T11:23:46.917Z] [runtime-status] [83065] Resolved module firebase-functions {"declared":true,"installed":true,"version":"3.6.2","resolution":"/Users/tkobashi/develop/skill-board/functions/node_modules/firebase-functions/lib/index.js"} 
[debug] [2020-06-19T11:23:46.920Z] [runtime-status] [83065] Outgoing network have been stubbed. [{"name":"http","status":"mocked"},{"name":"http","status":"mocked"},{"name":"https","status":"mocked"},{"name":"https","status":"mocked"},{"name":"net","status":"mocked"}] 
[debug] [2020-06-19T11:23:46.958Z] [runtime-status] [83065] Checked functions.config() {"config":{}} 
[debug] [2020-06-19T11:23:46.958Z] [runtime-status] [83065] Error in handleMessage: {"frb":{"cwd":"/Users/tkobashi/develop/skill-board/functions","projectId":"skill-board-bbe02","triggerId":"","emulators":{},"socketPath":"/var/folders/qg/9q5mlw6d1ml94l95yybhxj680000gn/T/fire_emu_83065.sock"},"opts":{"nodeBinary":"/Users/tkobashi/.nvm/versions/node/v12.16.2/bin/node"}} => TypeError: Cannot set property config of #<Object> which has only a getter: TypeError: Cannot set property config of #<Object> which has only a getter
    at /Users/tkobashi/.nvm/versions/node/v12.16.2/lib/node_modules/firebase-tools/lib/emulator/functionsEmulatorRuntime.js:455:19
    at Generator.next (<anonymous>)
    at fulfilled (/Users/tkobashi/.nvm/versions/node/v12.16.2/lib/node_modules/firebase-tools/lib/emulator/functionsEmulatorRuntime.js:5:58)
    at processTicksAndRejections (internal/process/task_queues.js:97:5) 
[warn] ⚠  functions: Cannot set property config of #<Object> which has only a getter
[warn] ⚠  Your function was killed because it raised an unhandled error.
[debug] [2020-06-19T11:23:46.965Z] [worker-~diagnostic~-66475f92-b0e3-40bb-b24a-0015decbbf40]: exited 
[debug] [2020-06-19T11:23:46.966Z] [worker-~diagnostic~-66475f92-b0e3-40bb-b24a-0015decbbf40]: FINISHED 
[debug] [2020-06-19T11:23:51.007Z] File /Users/tkobashi/develop/skill-board/functions/src/puppeteer-client.ts changed, reloading triggers 
[debug] [2020-06-19T11:23:52.010Z] [worker-pool] Cleaned up workers for ~diagnostic~: 1 --> 0 
[debug] [2020-06-19T11:23:52.016Z] [worker-pool] addWorker(~diagnostic~) 
[debug] [2020-06-19T11:23:52.017Z] [worker-pool] Adding worker with key ~diagnostic~, total=1 
[debug] [2020-06-19T11:23:52.017Z] [worker-pool] submitWork(triggerId=) 
[debug] [2020-06-19T11:23:52.018Z] [worker-~diagnostic~-be1967f8-6e19-473e-badb-034f344d368f]: Assigning socketPath: /var/folders/qg/9q5mlw6d1ml94l95yybhxj680000gn/T/fire_emu_83074.sock 
[debug] [2020-06-19T11:23:52.018Z] [worker-~diagnostic~-be1967f8-6e19-473e-badb-034f344d368f]: BUSY 
[debug] [2020-06-19T11:23:52.379Z] [runtime-status] [83074] Functions runtime initialized. {"cwd":"/Users/tkobashi/develop/skill-board/functions","node_version":"12.16.2"} 
[debug] [2020-06-19T11:23:52.381Z] [runtime-status] [83074] Disabled runtime features: undefined 
[debug] [2020-06-19T11:23:52.384Z] [runtime-status] [83074] Resolved module firebase-admin {"declared":true,"installed":true,"version":"8.12.1","resolution":"/Users/tkobashi/develop/skill-board/functions/node_modules/firebase-admin/lib/index.js"} 
[debug] [2020-06-19T11:23:52.385Z] [runtime-status] [83074] Resolved module firebase-functions {"declared":true,"installed":true,"version":"3.6.2","resolution":"/Users/tkobashi/develop/skill-board/functions/node_modules/firebase-functions/lib/index.js"} 
[debug] [2020-06-19T11:23:52.389Z] [runtime-status] [83074] Outgoing network have been stubbed. [{"name":"http","status":"mocked"},{"name":"http","status":"mocked"},{"name":"https","status":"mocked"},{"name":"https","status":"mocked"},{"name":"net","status":"mocked"}] 
[debug] [2020-06-19T11:23:52.431Z] [runtime-status] [83074] Checked functions.config() {"config":{}} 
[debug] [2020-06-19T11:23:52.431Z] [runtime-status] [83074] Error in handleMessage: {"frb":{"cwd":"/Users/tkobashi/develop/skill-board/functions","projectId":"skill-board-bbe02","triggerId":"","emulators":{},"socketPath":"/var/folders/qg/9q5mlw6d1ml94l95yybhxj680000gn/T/fire_emu_83074.sock"},"opts":{"nodeBinary":"/Users/tkobashi/.nvm/versions/node/v12.16.2/bin/node"}} => TypeError: Cannot set property config of #<Object> which has only a getter: TypeError: Cannot set property config of #<Object> which has only a getter
    at /Users/tkobashi/.nvm/versions/node/v12.16.2/lib/node_modules/firebase-tools/lib/emulator/functionsEmulatorRuntime.js:455:19
    at Generator.next (<anonymous>)
    at fulfilled (/Users/tkobashi/.nvm/versions/node/v12.16.2/lib/node_modules/firebase-tools/lib/emulator/functionsEmulatorRuntime.js:5:58)
    at processTicksAndRejections (internal/process/task_queues.js:97:5) 
[warn] ⚠  functions: Cannot set property config of #<Object> which has only a getter
[warn] ⚠  Your function was killed because it raised an unhandled error.
[debug] [2020-06-19T11:23:52.437Z] [worker-~diagnostic~-be1967f8-6e19-473e-badb-034f344d368f]: exited 
[debug] [2020-06-19T11:23:52.438Z] [worker-~diagnostic~-be1967f8-6e19-473e-badb-034f344d368f]: FINISHED 
[debug] [2020-06-19T11:37:24.565Z] File /Users/tkobashi/develop/skill-board/functions/src/puppeteer-client.ts changed, reloading triggers 
[debug] [2020-06-19T11:37:25.569Z] [worker-pool] Cleaned up workers for ~diagnostic~: 1 --> 0 
[debug] [2020-06-19T11:37:25.575Z] [worker-pool] addWorker(~diagnostic~) 
[debug] [2020-06-19T11:37:25.575Z] [worker-pool] Adding worker with key ~diagnostic~, total=1 
[debug] [2020-06-19T11:37:25.575Z] [worker-pool] submitWork(triggerId=) 
[debug] [2020-06-19T11:37:25.576Z] [worker-~diagnostic~-4fd348a5-433e-40d8-92d6-806a81bf0b7e]: Assigning socketPath: /var/folders/qg/9q5mlw6d1ml94l95yybhxj680000gn/T/fire_emu_83229.sock 
[debug] [2020-06-19T11:37:25.576Z] [worker-~diagnostic~-4fd348a5-433e-40d8-92d6-806a81bf0b7e]: BUSY 
[debug] [2020-06-19T11:37:26.237Z] [runtime-status] [83229] Functions runtime initialized. {"cwd":"/Users/tkobashi/develop/skill-board/functions","node_version":"12.16.2"} 
[debug] [2020-06-19T11:37:26.247Z] [runtime-status] [83229] Disabled runtime features: undefined 
[debug] [2020-06-19T11:37:26.253Z] [runtime-status] [83229] Resolved module firebase-admin {"declared":true,"installed":true,"version":"8.12.1","resolution":"/Users/tkobashi/develop/skill-board/functions/node_modules/firebase-admin/lib/index.js"} 
[debug] [2020-06-19T11:37:26.262Z] [runtime-status] [83229] Resolved module firebase-functions {"declared":true,"installed":true,"version":"3.6.2","resolution":"/Users/tkobashi/develop/skill-board/functions/node_modules/firebase-functions/lib/index.js"} 
[debug] [2020-06-19T11:37:26.315Z] [runtime-status] [83229] Outgoing network have been stubbed. [{"name":"http","status":"mocked"},{"name":"http","status":"mocked"},{"name":"https","status":"mocked"},{"name":"https","status":"mocked"},{"name":"net","status":"mocked"}] 
[debug] [2020-06-19T11:37:26.421Z] [runtime-status] [83229] Checked functions.config() {"config":{}} 
[debug] [2020-06-19T11:37:26.422Z] [runtime-status] [83229] Error in handleMessage: {"frb":{"cwd":"/Users/tkobashi/develop/skill-board/functions","projectId":"skill-board-bbe02","triggerId":"","emulators":{},"socketPath":"/var/folders/qg/9q5mlw6d1ml94l95yybhxj680000gn/T/fire_emu_83229.sock"},"opts":{"nodeBinary":"/Users/tkobashi/.nvm/versions/node/v12.16.2/bin/node"}} => TypeError: Cannot set property config of #<Object> which has only a getter: TypeError: Cannot set property config of #<Object> which has only a getter
    at /Users/tkobashi/.nvm/versions/node/v12.16.2/lib/node_modules/firebase-tools/lib/emulator/functionsEmulatorRuntime.js:455:19
    at Generator.next (<anonymous>)
    at fulfilled (/Users/tkobashi/.nvm/versions/node/v12.16.2/lib/node_modules/firebase-tools/lib/emulator/functionsEmulatorRuntime.js:5:58)
    at processTicksAndRejections (internal/process/task_queues.js:97:5) 
[warn] ⚠  functions: Cannot set property config of #<Object> which has only a getter
[warn] ⚠  Your function was killed because it raised an unhandled error.
[debug] [2020-06-19T11:37:26.430Z] [worker-~diagnostic~-4fd348a5-433e-40d8-92d6-806a81bf0b7e]: exited 
[debug] [2020-06-19T11:37:26.432Z] [worker-~diagnostic~-4fd348a5-433e-40d8-92d6-806a81bf0b7e]: FINISHED 
[debug] [2020-06-19T11:38:03.410Z] File /Users/tkobashi/develop/skill-board/functions/lib/algolia-client.js.map changed, reloading triggers 
[debug] [2020-06-19T11:38:03.411Z] File /Users/tkobashi/develop/skill-board/functions/lib/algolia-client.js changed, reloading triggers 
[debug] [2020-06-19T11:38:03.411Z] File /Users/tkobashi/develop/skill-board/functions/lib/skill.function.js.map changed, reloading triggers 
[debug] [2020-06-19T11:38:03.411Z] File /Users/tkobashi/develop/skill-board/functions/lib/skill.function.js changed, reloading triggers 
[debug] [2020-06-19T11:38:03.411Z] File /Users/tkobashi/develop/skill-board/functions/lib/puppeteer-client.js.map changed, reloading triggers 
[debug] [2020-06-19T11:38:03.411Z] File /Users/tkobashi/develop/skill-board/functions/lib/puppeteer-client.js changed, reloading triggers 
[debug] [2020-06-19T11:38:03.411Z] File /Users/tkobashi/develop/skill-board/functions/lib/index.js.map changed, reloading triggers 
[debug] [2020-06-19T11:38:03.412Z] File /Users/tkobashi/develop/skill-board/functions/lib/index.js changed, reloading triggers 
[debug] [2020-06-19T11:38:04.415Z] [worker-pool] Cleaned up workers for ~diagnostic~: 1 --> 0 
[debug] [2020-06-19T11:38:04.420Z] [worker-pool] addWorker(~diagnostic~) 
[debug] [2020-06-19T11:38:04.421Z] [worker-pool] Adding worker with key ~diagnostic~, total=1 
[debug] [2020-06-19T11:38:04.421Z] [worker-pool] submitWork(triggerId=) 
[debug] [2020-06-19T11:38:04.422Z] [worker-~diagnostic~-a85042a7-3e36-4a5e-bca2-b2e2f6aedb3e]: Assigning socketPath: /var/folders/qg/9q5mlw6d1ml94l95yybhxj680000gn/T/fire_emu_83260.sock 
[debug] [2020-06-19T11:38:04.423Z] [worker-~diagnostic~-a85042a7-3e36-4a5e-bca2-b2e2f6aedb3e]: BUSY 
[debug] [2020-06-19T11:38:05.061Z] [runtime-status] [83260] Functions runtime initialized. {"cwd":"/Users/tkobashi/develop/skill-board/functions","node_version":"12.16.2"} 
[debug] [2020-06-19T11:38:05.076Z] [runtime-status] [83260] Disabled runtime features: undefined 
[debug] [2020-06-19T11:38:05.081Z] [runtime-status] [83260] Resolved module firebase-admin {"declared":true,"installed":true,"version":"8.12.1","resolution":"/Users/tkobashi/develop/skill-board/functions/node_modules/firebase-admin/lib/index.js"} 
[debug] [2020-06-19T11:38:05.089Z] [runtime-status] [83260] Resolved module firebase-functions {"declared":true,"installed":true,"version":"3.6.2","resolution":"/Users/tkobashi/develop/skill-board/functions/node_modules/firebase-functions/lib/index.js"} 
[debug] [2020-06-19T11:38:05.140Z] [runtime-status] [83260] Outgoing network have been stubbed. [{"name":"http","status":"mocked"},{"name":"http","status":"mocked"},{"name":"https","status":"mocked"},{"name":"https","status":"mocked"},{"name":"net","status":"mocked"}] 
[debug] [2020-06-19T11:38:05.217Z] [runtime-status] [83260] Checked functions.config() {"config":{}} 
[debug] [2020-06-19T11:38:05.218Z] [runtime-status] [83260] Error in handleMessage: {"frb":{"cwd":"/Users/tkobashi/develop/skill-board/functions","projectId":"skill-board-bbe02","triggerId":"","emulators":{},"socketPath":"/var/folders/qg/9q5mlw6d1ml94l95yybhxj680000gn/T/fire_emu_83260.sock"},"opts":{"nodeBinary":"/Users/tkobashi/.nvm/versions/node/v12.16.2/bin/node"}} => TypeError: Cannot set property config of #<Object> which has only a getter: TypeError: Cannot set property config of #<Object> which has only a getter
    at /Users/tkobashi/.nvm/versions/node/v12.16.2/lib/node_modules/firebase-tools/lib/emulator/functionsEmulatorRuntime.js:455:19
    at Generator.next (<anonymous>)
    at fulfilled (/Users/tkobashi/.nvm/versions/node/v12.16.2/lib/node_modules/firebase-tools/lib/emulator/functionsEmulatorRuntime.js:5:58)
    at processTicksAndRejections (internal/process/task_queues.js:97:5) 
[warn] ⚠  functions: Cannot set property config of #<Object> which has only a getter
[warn] ⚠  Your function was killed because it raised an unhandled error.
[debug] [2020-06-19T11:38:05.247Z] [worker-~diagnostic~-a85042a7-3e36-4a5e-bca2-b2e2f6aedb3e]: exited 
[debug] [2020-06-19T11:38:05.247Z] [worker-~diagnostic~-a85042a7-3e36-4a5e-bca2-b2e2f6aedb3e]: FINISHED 
